info @storybook/react v6.5.13
info 
info => Cleaning outputDir: C:\Users\kimkc\AppData\Local\Temp\chromatic--270476-a4Zuaf6rIe4D
info => Loading presets
info => Copying static files: D:\git\taskbox\public at C:\Users\kimkc\AppData\Local\Temp\chromatic--270476-a4Zuaf6rIe4D\
info => Compiling manager..
info => Compiling preview..
info Addon-docs: using MDX1
info => Loading Webpack configuration from `node_modules\react-scripts`
info => Removing existing JavaScript and TypeScript rules.
info => Modifying Create React App rules.
info => Using default Webpack5 setup
<s> [webpack.Progress] 0% 

<s> [webpack.Progress] 1% setup before run
<s> [webpack.Progress] 1% setup before run NodeEnvironmentPlugin
<s> [webpack.Progress] 1% setup before run
<s> [webpack.Progress] 2% setup run
<s> [webpack.Progress] 2% setup run ESLintWebpackPlugin_1
<s> [webpack.Progress] 2% setup run
<s> [webpack.Progress] 4% setup normal module factory
<s> [webpack.Progress] 4% setup normal module factory CaseSensitivePathsPlugin
<s> [webpack.Progress] 4% setup normal module factory ModuleNotFoundPlugin
<s> [webpack.Progress] 4% setup normal module factory IgnorePlugin
<s> [webpack.Progress] 4% setup normal module factory
<s> [webpack.Progress] 5% setup context module factory
<s> [webpack.Progress] 5% setup context module factory IgnorePlugin
<s> [webpack.Progress] 5% setup context module factory
<s> [webpack.Progress] 6% setup before compile
<s> [webpack.Progress] 6% setup before compile ProgressPlugin
<s> [webpack.Progress] 6% setup before compile
<s> [webpack.Progress] 7% setup compile
<s> [webpack.Progress] 7% setup compile ExternalsPlugin
<s> [webpack.Progress] 7% setup compile
<s> [webpack.Progress] 8% setup compilation
<s> [webpack.Progress] 8% setup compilation mini-css-extract-plugin
<s> [webpack.Progress] 8% setup compilation ArrayPushCallbackChunkFormatPlugin
<s> [webpack.Progress] 8% setup compilation JsonpChunkLoadingPlugin
<s> [webpack.Progress] 8% setup compilation StartupChunkDependenciesPlugin
<s> [webpack.Progress] 8% setup compilation ImportScriptsChunkLoadingPlugin
<s> [webpack.Progress] 8% setup compilation FetchCompileWasmPlugin
<s> [webpack.Progress] 8% setup compilation FetchCompileAsyncWasmPlugin
<s> [webpack.Progress] 8% setup compilation WorkerPlugin
<s> [webpack.Progress] 8% setup compilation SplitChunksPlugin
<s> [webpack.Progress] 8% setup compilation RuntimeChunkPlugin
<s> [webpack.Progress] 8% setup compilation ResolverCachePlugin
<s> [webpack.Progress] 8% setup compilation HtmlWebpackPlugin
<s> [webpack.Progress] 8% setup compilation
<s> [webpack.Progress] 9% setup compilation
<s> [webpack.Progress] 9% setup compilation DefinePlugin
<s> [webpack.Progress] 9% setup compilation ProvidePlugin
<s> [webpack.Progress] 9% setup compilation ProgressPlugin
<s> [webpack.Progress] 9% setup compilation InlineChunkHtmlPlugin
<s> [webpack.Progress] 9% setup compilation InterpolateHtmlPlugin
<s> [webpack.Progress] 9% setup compilation mini-css-extract-plugin
<s> [webpack.Progress] 9% setup compilation ChunkPrefetchPreloadPlugin
<s> [webpack.Progress] 9% setup compilation SourceMapDevToolPlugin
<s> [webpack.Progress] 9% setup compilation JavascriptModulesPlugin
<s> [webpack.Progress] 9% setup compilation JsonModulesPlugin
<s> [webpack.Progress] 9% setup compilation AssetModulesPlugin
<s> [webpack.Progress] 9% setup compilation EntryPlugin
<s> [webpack.Progress] 9% setup compilation EntryPlugin
<s> [webpack.Progress] 9% setup compilation EntryPlugin
<s> [webpack.Progress] 9% setup compilation EntryPlugin
<s> [webpack.Progress] 9% setup compilation EntryPlugin
<s> [webpack.Progress] 9% setup compilation EntryPlugin
<s> [webpack.Progress] 9% setup compilation EntryPlugin
<s> [webpack.Progress] 9% setup compilation EntryPlugin
<s> [webpack.Progress] 9% setup compilation EntryPlugin
<s> [webpack.Progress] 9% setup compilation EntryPlugin
<s> [webpack.Progress] 9% setup compilation EntryPlugin
<s> [webpack.Progress] 9% setup compilation EntryPlugin
<s> [webpack.Progress] 9% setup compilation EntryPlugin
<s> [webpack.Progress] 9% setup compilation EntryPlugin
<s> [webpack.Progress] 9% setup compilation RuntimePlugin
<s> [webpack.Progress] 9% setup compilation InferAsyncModulesPlugin
<s> [webpack.Progress] 9% setup compilation DataUriPlugin
<s> [webpack.Progress] 9% setup compilation FileUriPlugin
<s> [webpack.Progress] 9% setup compilation CompatibilityPlugin
<s> [webpack.Progress] 9% setup compilation HarmonyModulesPlugin
<s> [webpack.Progress] 9% setup compilation AMDPlugin
<s> [webpack.Progress] 9% setup compilation RequireJsStuffPlugin
<s> [webpack.Progress] 9% setup compilation CommonJsPlugin
<s> [webpack.Progress] 9% setup compilation LoaderPlugin
<s> [webpack.Progress] 9% setup compilation LoaderPlugin
<s> [webpack.Progress] 9% setup compilation NodeStuffPlugin
<s> [webpack.Progress] 9% setup compilation APIPlugin
<s> [webpack.Progress] 9% setup compilation ExportsInfoApiPlugin
<s> [webpack.Progress] 9% setup compilation WebpackIsIncludedPlugin
<s> [webpack.Progress] 9% setup compilation ConstPlugin
<s> [webpack.Progress] 9% setup compilation UseStrictPlugin
<s> [webpack.Progress] 9% setup compilation RequireIncludePlugin
<s> [webpack.Progress] 9% setup compilation RequireEnsurePlugin
<s> [webpack.Progress] 9% setup compilation RequireContextPlugin
<s> [webpack.Progress] 9% setup compilation ImportPlugin
<s> [webpack.Progress] 9% setup compilation RequireContextPlugin
<s> [webpack.Progress] 9% setup compilation SystemPlugin
<s> [webpack.Progress] 9% setup compilation ImportMetaPlugin
<s> [webpack.Progress] 9% setup compilation URLPlugin
<s> [webpack.Progress] 9% setup compilation DefaultStatsFactoryPlugin
<s> [webpack.Progress] 9% setup compilation DefaultStatsPresetPlugin
<s> [webpack.Progress] 9% setup compilation DefaultStatsPrinterPlugin
<s> [webpack.Progress] 9% setup compilation JavascriptMetaInfoPlugin
<s> [webpack.Progress] 9% setup compilation EnsureChunkConditionsPlugin
<s> [webpack.Progress] 9% setup compilation RemoveEmptyChunksPlugin
<s> [webpack.Progress] 9% setup compilation MergeDuplicateChunksPlugin
<s> [webpack.Progress] 9% setup compilation FlagIncludedChunksPlugin
<s> [webpack.Progress] 9% setup compilation SideEffectsFlagPlugin
<s> [webpack.Progress] 9% setup compilation FlagDependencyExportsPlugin
<s> [webpack.Progress] 9% setup compilation FlagDependencyUsagePlugin
<s> [webpack.Progress] 9% setup compilation InnerGraphPlugin
<s> [webpack.Progress] 9% setup compilation MangleExportsPlugin
<s> [webpack.Progress] 9% setup compilation ModuleConcatenationPlugin
<s> [webpack.Progress] 9% setup compilation NoEmitOnErrorsPlugin
<s> [webpack.Progress] 9% setup compilation RealContentHashPlugin
<s> [webpack.Progress] 9% setup compilation WasmFinalizeExportsPlugin
<s> [webpack.Progress] 9% setup compilation NamedModuleIdsPlugin
<s> [webpack.Progress] 9% setup compilation DeterministicChunkIdsPlugin
<s> [webpack.Progress] 9% setup compilation DefinePlugin
<s> [webpack.Progress] 9% setup compilation TerserPlugin
<s> [webpack.Progress] 9% setup compilation TemplatedPathPlugin
<s> [webpack.Progress] 9% setup compilation RecordIdsPlugin
<s> [webpack.Progress] 9% setup compilation WarnCaseSensitiveModulesPlugin
<s> [webpack.Progress] 9% setup compilation IgnoreWarningsPlugin
<s> [webpack.Progress] 9% setup compilation ESLintWebpackPlugin_1
<s> [webpack.Progress] 9% setup compilation
<s> [webpack.Progress] 10% building
<s> [webpack.Progress] 10% building 0/1 entries 0/0 dependencies 0/0 modules
<s> [webpack.Progress] 10% building import loader ./node_modules/babel-loader/lib/index.js
<s> [webpack.Progress] 10% building import loader ./node_modules/source-map-loader/dist/cjs.js
<s> [webpack.Progress] 10% building 0/14 entries 18/35 dependencies 0/17 modules
<s> [webpack.Progress] 10% building import loader ./node_modules/@storybook/source-loader/dist/cjs/index.js
<s> [webpack.Progress] 10% building 0/14 entries 36/56 dependencies 0/33 modules
<s> [webpack.Progress] 10% building import loader ./node_modules/mini-css-extract-plugin/dist/loader.js
<s> [webpack.Progress] 10% building import loader ./node_modules/react-scripts/node_modules/css-loader/dist/cjs.js
<s> [webpack.Progress] 10% building import loader ./node_modules/postcss-loader/dist/cjs.js
<s> [webpack.Progress] 10% building 0/14 entries 130/185 dependencies 1/85 modules
<s> [webpack.Progress] 10% building 0/14 entries 157/418 dependencies 6/100 modules
<s> [webpack.Progress] 10% building 0/14 entries 300/442 dependencies 6/166 modules
<s> [webpack.Progress] 13% building 1/14 entries 452/795 dependencies 10/221 modules
<s> [webpack.Progress] 13% building 1/14 entries 580/840 dependencies 17/265 modules
<s> [webpack.Progress] 13% building 1/14 entries 962/1108 dependencies 43/339 modules
<s> [webpack.Progress] 13% building 1/14 entries 1400/1491 dependencies 85/404 modules
<s> [webpack.Progress] 13% building 1/14 entries 1700/1797 dependencies 171/471 modules
<s> [webpack.Progress] 13% building 1/14 entries 2200/2316 dependencies 274/529 modules
<s> [webpack.Progress] 13% building 1/14 entries 2600/2628 dependencies 343/635 modules
<s> [webpack.Progress] 13% building 1/14 entries 2661/3100 dependencies 347/650 modules
<s> [webpack.Progress] 15% building 1/14 entries 3331/3454 dependencies 475/800 modules
<s> [webpack.Progress] 15% building 1/14 entries 3880/4000 dependencies 536/887 modules
<s> [webpack.Progress] 18% building 1/14 entries 4400/4502 dependencies 765/1035 modules
<s> [webpack.Progress] 21% building 1/14 entries 4991/5026 dependencies 1000/1319 modules
<s> [webpack.Progress] 24% building 1/14 entries 5700/5718 dependencies 1336/1479 modules
<s> [webpack.Progress] 25% building 2/14 entries 5737/5742 dependencies 1405/1492 modules
<s> [webpack.Progress] 25% building 3/14 entries 5737/5742 dependencies 1406/1492 modules
<s> [webpack.Progress] 25% building 4/14 entries 5737/5742 dependencies 1407/1492 modules
<s> [webpack.Progress] 29% building 5/14 entries 5737/5742 dependencies 1408/1492 modules
<s> [webpack.Progress] 33% building 6/14 entries 5737/5742 dependencies 1409/1492 modules
<s> [webpack.Progress] 37% building 7/14 entries 5737/5742 dependencies 1410/1492 modules
<s> [webpack.Progress] 41% building 8/14 entries 5737/5742 dependencies 1411/1492 modules
<s> [webpack.Progress] 45% building 9/14 entries 5737/5742 dependencies 1412/1492 modules
<s> [webpack.Progress] 49% building 10/14 entries 5737/5742 dependencies 1413/1492 modules
<s> [webpack.Progress] 53% building 11/14 entries 5737/5742 dependencies 1414/1492 modules
<s> [webpack.Progress] 53% building 11/14 entries 5767/5800 dependencies 1425/1493 modules
<s> [webpack.Progress] 57% building 12/14 entries 5926/5926 dependencies 1507/1522 modules
<s> [webpack.Progress] 61% building 13/14 entries 5936/5936 dependencies 1527/1527 modules
<s> [webpack.Progress] 65% building 14/14 entries 5936/5936 dependencies 1527/1527 modules
<s> [webpack.Progress] 65% building
<s> [webpack.Progress] 69% building finish
<s> [webpack.Progress] 69% building finish
<s> [webpack.Progress] 70% sealing finish module graph
<s> [webpack.Progress] 70% sealing finish module graph ResolverCachePlugin
<s> [webpack.Progress] 70% sealing finish module graph InferAsyncModulesPlugin
<s> [webpack.Progress] 70% sealing finish module graph FlagDependencyExportsPlugin
<s> [webpack.Progress] 70% sealing finish module graph InnerGraphPlugin
<s> [webpack.Progress] 70% sealing finish module graph WasmFinalizeExportsPlugin
<s> [webpack.Progress] 70% sealing finish module graph ESLintWebpackPlugin_1
<s> [webpack.Progress] 70% sealing finish module graph
<s> [webpack.Progress] 70% sealing plugins
<s> [webpack.Progress] 70% sealing plugins WarnCaseSensitiveModulesPlugin
<s> [webpack.Progress] 70% sealing plugins
<s> [webpack.Progress] 71% sealing dependencies optimization
<s> [webpack.Progress] 71% sealing dependencies optimization SideEffectsFlagPlugin
<s> [webpack.Progress] 71% sealing dependencies optimization FlagDependencyUsagePlugin
<s> [webpack.Progress] 71% sealing dependencies optimization
<s> [webpack.Progress] 71% sealing after dependencies optimization
<s> [webpack.Progress] 71% sealing after dependencies optimization
<s> [webpack.Progress] 72% sealing chunk graph
<s> [webpack.Progress] 72% sealing chunk graph
<s> [webpack.Progress] 73% sealing after chunk graph
<s> [webpack.Progress] 73% sealing after chunk graph
<s> [webpack.Progress] 73% sealing optimizing
<s> [webpack.Progress] 73% sealing optimizing
<s> [webpack.Progress] 74% sealing module optimization
<s> [webpack.Progress] 74% sealing module optimization
<s> [webpack.Progress] 75% sealing after module optimization
<s> [webpack.Progress] 75% sealing after module optimization
<s> [webpack.Progress] 75% sealing chunk optimization
<s> [webpack.Progress] 75% sealing chunk optimization EnsureChunkConditionsPlugin
<s> [webpack.Progress] 75% sealing chunk optimization RemoveEmptyChunksPlugin
<s> [webpack.Progress] 75% sealing chunk optimization MergeDuplicateChunksPlugin
<s> [webpack.Progress] 75% sealing chunk optimization SplitChunksPlugin
<s> [webpack.Progress] 75% sealing chunk optimization RemoveEmptyChunksPlugin
<s> [webpack.Progress] 75% sealing chunk optimization
<s> [webpack.Progress] 76% sealing after chunk optimization
<s> [webpack.Progress] 76% sealing after chunk optimization
<s> [webpack.Progress] 77% sealing module and chunk tree optimization
<s> [webpack.Progress] 77% sealing module and chunk tree optimization PersistentChildCompilerSingletonPlugin
<s> [webpack.Progress] 77% sealing module and chunk tree optimization
<s> [webpack.Progress] 77% sealing after module and chunk tree optimization
<s> [webpack.Progress] 77% sealing after module and chunk tree optimization
<s> [webpack.Progress] 78% sealing chunk modules optimization
<s> [webpack.Progress] 78% sealing chunk modules optimization ModuleConcatenationPlugin
<s> [webpack.Progress] 78% sealing chunk modules optimization
<s> [webpack.Progress] 78% sealing after chunk modules optimization
<s> [webpack.Progress] 78% sealing after chunk modules optimization
<s> [webpack.Progress] 79% sealing module reviving
<s> [webpack.Progress] 79% sealing module reviving RecordIdsPlugin
<s> [webpack.Progress] 79% sealing module reviving
<s> [webpack.Progress] 80% sealing before module ids
<s> [webpack.Progress] 80% sealing before module ids
<s> [webpack.Progress] 80% sealing module ids
<s> [webpack.Progress] 80% sealing module ids NamedModuleIdsPlugin
<s> [webpack.Progress] 80% sealing module ids
<s> [webpack.Progress] 81% sealing module id optimization
<s> [webpack.Progress] 81% sealing module id optimization
<s> [webpack.Progress] 82% sealing module id optimization
<s> [webpack.Progress] 82% sealing module id optimization
<s> [webpack.Progress] 82% sealing chunk reviving
<s> [webpack.Progress] 82% sealing chunk reviving RecordIdsPlugin
<s> [webpack.Progress] 82% sealing chunk reviving
<s> [webpack.Progress] 83% sealing before chunk ids
<s> [webpack.Progress] 83% sealing before chunk ids
<s> [webpack.Progress] 84% sealing chunk ids
<s> [webpack.Progress] 84% sealing chunk ids DeterministicChunkIdsPlugin
<s> [webpack.Progress] 84% sealing chunk ids
<s> [webpack.Progress] 84% sealing chunk id optimization
<s> [webpack.Progress] 84% sealing chunk id optimization FlagIncludedChunksPlugin
<s> [webpack.Progress] 84% sealing chunk id optimization
<s> [webpack.Progress] 85% sealing after chunk id optimization
<s> [webpack.Progress] 85% sealing after chunk id optimization
<s> [webpack.Progress] 86% sealing record modules
<s> [webpack.Progress] 86% sealing record modules RecordIdsPlugin
<s> [webpack.Progress] 86% sealing record modules
<s> [webpack.Progress] 86% sealing record chunks
<s> [webpack.Progress] 86% sealing record chunks RecordIdsPlugin
<s> [webpack.Progress] 86% sealing record chunks
<s> [webpack.Progress] 87% sealing module hashing
<s> [webpack.Progress] 87% sealing module hashing
<s> [webpack.Progress] 87% sealing code generation
<s> [webpack.Progress] 87% sealing code generation
<s> [webpack.Progress] 88% sealing runtime requirements
<s> [webpack.Progress] 88% sealing runtime requirements
<s> [webpack.Progress] 89% sealing hashing
<s> [webpack.Progress] 89% sealing hashing
<s> [webpack.Progress] 89% sealing after hashing
<s> [webpack.Progress] 89% sealing after hashing
<s> [webpack.Progress] 90% sealing record hash
<s> [webpack.Progress] 90% sealing record hash
<s> [webpack.Progress] 91% sealing module assets processing
<s> [webpack.Progress] 91% sealing module assets processing
<s> [webpack.Progress] 91% sealing chunk assets processing
<s> [webpack.Progress] 91% sealing chunk assets processing
<s> [webpack.Progress] 92% sealing asset processing
<s> [webpack.Progress] 92% sealing asset processing ESLintWebpackPlugin_1
<s> [webpack.Progress] 92% sealing asset processing PersistentChildCompilerSingletonPlugin
<s> [webpack.Progress] 92% sealing asset processing TerserPlugin
info => Manager built (44 s)
<s> [webpack.Progress] 92% sealing asset processing SourceMapDevToolPlugin
<s> [webpack.Progress] 92% sealing asset processing SourceMapDevToolPlugin
<s> [webpack.Progress] 92% sealing asset processing SourceMapDevToolPlugin static/css/main.ff742e23.css generate SourceMap
<s> [webpack.Progress] 92% sealing asset processing SourceMapDevToolPlugin static/css/main.ff742e23.css generated SourceMap
<s> [webpack.Progress] 92% sealing asset processing SourceMapDevToolPlugin main.25ebc152.iframe.bundle.js generate SourceMap
<s> [webpack.Progress] 92% sealing asset processing SourceMapDevToolPlugin main.25ebc152.iframe.bundle.js generated SourceMap
<s> [webpack.Progress] 92% sealing asset processing SourceMapDevToolPlugin runtime~main.db62adb2.iframe.bundle.js generate SourceMap
<s> [webpack.Progress] 92% sealing asset processing SourceMapDevToolPlugin runtime~main.db62adb2.iframe.bundle.js generated SourceMap
<s> [webpack.Progress] 92% sealing asset processing SourceMapDevToolPlugin 701.f53b60a9.iframe.bundle.js generate SourceMap
<s> [webpack.Progress] 92% sealing asset processing SourceMapDevToolPlugin 701.f53b60a9.iframe.bundle.js generated SourceMap
<s> [webpack.Progress] 92% sealing asset processing SourceMapDevToolPlugin 745.fbbc26ad.iframe.bundle.js generate SourceMap
<s> [webpack.Progress] 92% sealing asset processing SourceMapDevToolPlugin 745.fbbc26ad.iframe.bundle.js generated SourceMap
<s> [webpack.Progress] 92% sealing asset processing SourceMapDevToolPlugin 273.7abcaf31.iframe.bundle.js generate SourceMap
<s> [webpack.Progress] 92% sealing asset processing SourceMapDevToolPlugin 273.7abcaf31.iframe.bundle.js generated SourceMap
<s> [webpack.Progress] 92% sealing asset processing SourceMapDevToolPlugin 51.2962cc8f.iframe.bundle.js generate SourceMap
<s> [webpack.Progress] 92% sealing asset processing SourceMapDevToolPlugin 51.2962cc8f.iframe.bundle.js generated SourceMap
<s> [webpack.Progress] 92% sealing asset processing SourceMapDevToolPlugin 807.0b4fcd51.iframe.bundle.js generate SourceMap
<s> [webpack.Progress] 92% sealing asset processing SourceMapDevToolPlugin 807.0b4fcd51.iframe.bundle.js generated SourceMap
<s> [webpack.Progress] 92% sealing asset processing SourceMapDevToolPlugin 551.a830897e.iframe.bundle.js generate SourceMap
<s> [webpack.Progress] 92% sealing asset processing SourceMapDevToolPlugin 551.a830897e.iframe.bundle.js generated SourceMap
<s> [webpack.Progress] 92% sealing asset processing SourceMapDevToolPlugin 897.c4b6e059.iframe.bundle.js generate SourceMap
<s> [webpack.Progress] 92% sealing asset processing SourceMapDevToolPlugin 897.c4b6e059.iframe.bundle.js generated SourceMap
<s> [webpack.Progress] 92% sealing asset processing SourceMapDevToolPlugin 229.6ef1b59c.iframe.bundle.js generate SourceMap
<s> [webpack.Progress] 92% sealing asset processing SourceMapDevToolPlugin 229.6ef1b59c.iframe.bundle.js generated SourceMap
<s> [webpack.Progress] 92% sealing asset processing SourceMapDevToolPlugin 935.af18e223.iframe.bundle.js generate SourceMap
<s> [webpack.Progress] 92% sealing asset processing SourceMapDevToolPlugin 935.af18e223.iframe.bundle.js generated SourceMap
<s> [webpack.Progress] 92% sealing asset processing SourceMapDevToolPlugin 858.72d0ea23.iframe.bundle.js generate SourceMap
<s> [webpack.Progress] 92% sealing asset processing SourceMapDevToolPlugin 858.72d0ea23.iframe.bundle.js generated SourceMap
<s> [webpack.Progress] 92% sealing asset processing SourceMapDevToolPlugin resolve sources
<s> [webpack.Progress] 92% sealing asset processing SourceMapDevToolPlugin static/css/main.ff742e23.css attach SourceMap
<s> [webpack.Progress] 92% sealing asset processing SourceMapDevToolPlugin static/css/main.ff742e23.css attached SourceMap
<s> [webpack.Progress] 92% sealing asset processing SourceMapDevToolPlugin
<s> [webpack.Progress] 92% sealing asset processing SourceMapDevToolPlugin
<s> [webpack.Progress] 92% sealing asset processing SourceMapDevToolPlugin resolve sources
<s> [webpack.Progress] 92% sealing asset processing SourceMapDevToolPlugin
<s> [webpack.Progress] 92% sealing asset processing HtmlWebpackPlugin
<s> [webpack.Progress] 92% sealing asset processing HtmlWebpackPlugin
<s> [webpack.Progress] 92% sealing asset processing HtmlWebpackPlugin resolve sources
<s> [webpack.Progress] 92% sealing asset processing HtmlWebpackPlugin
<s> [webpack.Progress] 92% sealing asset processing RealContentHashPlugin
<s> [webpack.Progress] 92% sealing asset processing RealContentHashPlugin
<s> [webpack.Progress] 92% sealing asset processing RealContentHashPlugin main.337f754c.iframe.bundle.js generate SourceMap
<s> [webpack.Progress] 92% sealing asset processing RealContentHashPlugin main.337f754c.iframe.bundle.js generated SourceMap
<s> [webpack.Progress] 92% sealing asset processing RealContentHashPlugin runtime~main.5c9619d2.iframe.bundle.js generate SourceMap
<s> [webpack.Progress] 92% sealing asset processing RealContentHashPlugin runtime~main.5c9619d2.iframe.bundle.js generated SourceMap
<s> [webpack.Progress] 92% sealing asset processing RealContentHashPlugin 701.c6702869.iframe.bundle.js generate SourceMap
<s> [webpack.Progress] 92% sealing asset processing RealContentHashPlugin 701.c6702869.iframe.bundle.js generated SourceMap
<s> [webpack.Progress] 92% sealing asset processing RealContentHashPlugin 745.610bf163.iframe.bundle.js generate SourceMap
<s> [webpack.Progress] 92% sealing asset processing RealContentHashPlugin 745.610bf163.iframe.bundle.js generated SourceMap
<s> [webpack.Progress] 92% sealing asset processing RealContentHashPlugin 551.7febf940.iframe.bundle.js generate SourceMap
<s> [webpack.Progress] 92% sealing asset processing RealContentHashPlugin 551.7febf940.iframe.bundle.js generated SourceMap
<s> [webpack.Progress] 92% sealing asset processing RealContentHashPlugin 229.a50d3fec.iframe.bundle.js generate SourceMap
<s> [webpack.Progress] 92% sealing asset processing RealContentHashPlugin 229.a50d3fec.iframe.bundle.js generated SourceMap
<s> [webpack.Progress] 92% sealing asset processing RealContentHashPlugin 935.8bc2b027.iframe.bundle.js generate SourceMap
<s> [webpack.Progress] 92% sealing asset processing RealContentHashPlugin 935.8bc2b027.iframe.bundle.js generated SourceMap
<s> [webpack.Progress] 92% sealing asset processing RealContentHashPlugin 273.a46af0ac.iframe.bundle.js generate SourceMap
<s> [webpack.Progress] 92% sealing asset processing RealContentHashPlugin 273.a46af0ac.iframe.bundle.js generated SourceMap
<s> [webpack.Progress] 92% sealing asset processing RealContentHashPlugin 51.e4660367.iframe.bundle.js generate SourceMap
<s> [webpack.Progress] 92% sealing asset processing RealContentHashPlugin 51.e4660367.iframe.bundle.js generated SourceMap
<s> [webpack.Progress] 92% sealing asset processing RealContentHashPlugin 807.c5592d0b.iframe.bundle.js generate SourceMap
<s> [webpack.Progress] 92% sealing asset processing RealContentHashPlugin 807.c5592d0b.iframe.bundle.js generated SourceMap
<s> [webpack.Progress] 92% sealing asset processing RealContentHashPlugin 897.a62f1cd7.iframe.bundle.js generate SourceMap
<s> [webpack.Progress] 92% sealing asset processing RealContentHashPlugin 897.a62f1cd7.iframe.bundle.js generated SourceMap
<s> [webpack.Progress] 92% sealing asset processing RealContentHashPlugin 858.f364b75b.iframe.bundle.js generate SourceMap
<s> [webpack.Progress] 92% sealing asset processing RealContentHashPlugin 858.f364b75b.iframe.bundle.js generated SourceMap
<s> [webpack.Progress] 92% sealing asset processing RealContentHashPlugin resolve sources
<s> [webpack.Progress] 92% sealing asset processing RealContentHashPlugin
<s> [webpack.Progress] 92% sealing asset processing
<s> [webpack.Progress] 93% sealing after asset optimization
<s> [webpack.Progress] 93% sealing after asset optimization
<s> [webpack.Progress] 93% sealing recording
<s> [webpack.Progress] 93% sealing recording
<s> [webpack.Progress] 94% sealing after seal
<s> [webpack.Progress] 94% sealing after seal
<s> [webpack.Progress] 95% emitting emit
<s> [webpack.Progress] 95% emitting emit
<s> [webpack.Progress] 98% emitting after emit
<s> [webpack.Progress] 98% emitting after emit SizeLimitsPlugin
<s> [webpack.Progress] 98% emitting after emit
<s> [webpack.Progress] 99% done plugins
<s> [webpack.Progress] 99% done plugins CaseSensitivePathsPlugin
<s> [webpack.Progress] 99% done plugins
<s> [webpack.Progress] 99% 

<s> [webpack.Progress] 99% cache store build dependencies
<s> [webpack.Progress] 99% cache store build dependencies
<s> [webpack.Progress] 99% cache begin idle
<s> [webpack.Progress] 99% cache begin idle
<s> [webpack.Progress] 100% 

info => Preview built (48 s)
WARN [eslint] 
WARN src\components\InBoxScreen.js
WARN   Line 12:6:  React Hook useEffect has a missing dependency: 'dispatch'. Either include it or remove the dependency array  react-hooks/exhaustive-deps
WARN 
WARN 
WARN asset size limit: The following asset(s) exceed the recommended size limit (244 KiB).
WARN This can impact web performance.
WARN Assets: 
WARN   273.a46af0ac.iframe.bundle.js (600 KiB)
WARN   807.c5592d0b.iframe.bundle.js (794 KiB)
WARN   858.f364b75b.iframe.bundle.js (2.46 MiB)
WARN entrypoint size limit: The following entrypoint(s) combined asset size exceeds the recommended limit (244 KiB). This can impact web performance.
WARN Entrypoints:
WARN   main (2.51 MiB)
WARN       runtime~main.5c9619d2.iframe.bundle.js
WARN       858.f364b75b.iframe.bundle.js
WARN       main.337f754c.iframe.bundle.js
WARN       static/css/main.771d1b88.css
WARN 
<s> [webpack.Progress] 99% cache shutdown
<s> [webpack.Progress] 99% cache shutdown
<s> [webpack.Progress] 100% 

info => Output directory: C:\Users\kimkc\AppData\Local\Temp\chromatic--270476-a4Zuaf6rIe4D
